src/modules/admin/caja/components/CajaLista.tsx(12,21): error TS2307: Cannot find module '../../shared/components/ui/Loading' or its corresponding type declarations.
src/modules/admin/productos/hooks/useCategorias.ts(114,21): error TS2367: This comparison appears to be unintentional because the types 'string' and 'number' have no overlap.
src/modules/admin/productos/hooks/useCategorias.ts(149,21): error TS2367: This comparison appears to be unintentional because the types 'string' and 'number' have no overlap.
src/modules/auth/actions/loginActions.ts(15,14): error TS2749: 'UserRole' refers to a value, but is being used as a type here. Did you mean 'typeof UserRole'?
src/modules/auth/actions/loginActions.ts(122,73): error TS2749: 'UserRole' refers to a value, but is being used as a type here. Did you mean 'typeof UserRole'?
src/modules/auth/actions/loginActions.ts(123,51): error TS2749: 'UserRole' refers to a value, but is being used as a type here. Did you mean 'typeof UserRole'?
src/modules/auth/actions/loginActions.ts(137,37): error TS2749: 'UserRole' refers to a value, but is being used as a type here. Did you mean 'typeof UserRole'?
src/modules/auth/types/auth.ts(9,10): error TS2749: 'UserRole' refers to a value, but is being used as a type here. Did you mean 'typeof UserRole'?
src/shared/components/Unauthorized.tsx(6,25): error TS2307: Cannot find module '@/src/modules/auth/actions/logoutAction' or its corresponding type declarations.
src/shared/components/Unauthorized.tsx(64,22): error TS2304: Cannot find name 'Link'.
src/shared/components/Unauthorized.tsx(72,23): error TS2304: Cannot find name 'Link'.
src/shared/components/Unauthorized.tsx(74,22): error TS2304: Cannot find name 'Link'.
src/shared/components/Unauthorized.tsx(82,23): error TS2304: Cannot find name 'Link'.
